This file contains any messages produced by compilers while
running configure, to aid debugging if configure makes a mistake.

It was created by KLEE configure 0.01, which was
generated by GNU Autoconf 2.69.  Invocation command line was

  $ ./configure --with-llvm=/home/zhy/work/llvm-3.3.src --with-stp=/home/zhy/work/stp/build

## --------- ##
## Platform. ##
## --------- ##

hostname = zhy-System-Product-Name
uname -m = x86_64
uname -r = 4.2.0-18-generic
uname -s = Linux
uname -v = #22-Ubuntu SMP Fri Nov 6 18:25:50 UTC 2015

/usr/bin/uname -p = unknown
/bin/uname -X     = unknown

/bin/arch              = unknown
/usr/bin/arch -k       = unknown
/usr/convex/getsysinfo = unknown
/usr/bin/hostinfo      = unknown
/bin/machine           = unknown
/usr/bin/oslevel       = unknown
/bin/universe          = unknown

PATH: /usr/jdk/bin
PATH: /usr/jdk/jre/bin
PATH: /usr/local/sbin
PATH: /usr/local/bin
PATH: /usr/sbin
PATH: /usr/bin
PATH: /sbin
PATH: /bin
PATH: /usr/games
PATH: /usr/local/games
PATH: /home/zhy/esbmc/esbmc-v1.25.1-linux-64-static/bin/


## ----------- ##
## Core tests. ##
## ----------- ##

configure:2407: checking build system type
configure:2421: result: x86_64-unknown-linux-gnu
configure:2441: checking host system type
configure:2454: result: x86_64-unknown-linux-gnu
configure:2474: checking target system type
configure:2487: result: x86_64-unknown-linux-gnu
configure:2514: checking type of operating system we're going to host on
configure:2526: result: 
configure:2537: checking llvm source dir
configure:2578: result: /home/zhy/work/llvm-3.3.src
configure:2581: checking llvm obj dir
configure:2583: result: /home/zhy/work/llvm-3.3.src
configure:2591: checking llvm package version
configure:2594: result: 3.3
configure:2599: checking llvm version major
configure:2602: result: 3
configure:2605: checking llvm version minor
configure:2608: result: 3
configure:2611: checking llvm is release version
configure:2619: result: 1
configure:2661: checking llvm build mode
configure:2680: result: Release+Asserts
configure:2686: checking LLVM Bitcode compiler
configure:2717: result: Found clang in LLVM Build
configure:2933: result: Using C llvm compiler : /home/zhy/work/llvm-3.3.src/Release+Asserts/bin/clang
configure:2935: result: Using C++ llvm compiler : /home/zhy/work/llvm-3.3.src/Release+Asserts/bin/clang++
configure:2941: checking C LLVM Bitcode compiler works
configure:2963: result: Success
configure:2941: checking CXX LLVM Bitcode compiler works
configure:2963: result: Success
configure:2994: checking uclibc
configure:3027: result: no
configure:3043: checking POSIX runtime
configure:3057: result: default (disabled, no uclibc)
configure:3091: checking runtime configuration
configure:3103: result: Release+Asserts
configure:3206: checking for gcc
configure:3222: found /usr/bin/gcc
configure:3233: result: gcc
configure:3462: checking for C compiler version
configure:3471: gcc --version >&5
gcc (Ubuntu 5.2.1-23ubuntu1~15.10) 5.2.1 20151028
Copyright (C) 2015 Free Software Foundation, Inc.
This is free software; see the source for copying conditions.  There is NO
warranty; not even for MERCHANTABILITY or FITNESS FOR A PARTICULAR PURPOSE.

configure:3482: $? = 0
configure:3471: gcc -v >&5
Using built-in specs.
COLLECT_GCC=gcc
COLLECT_LTO_WRAPPER=/usr/lib/gcc/x86_64-linux-gnu/5/lto-wrapper
Target: x86_64-linux-gnu
Configured with: ../src/configure -v --with-pkgversion='Ubuntu 5.2.1-23ubuntu1~15.10' --with-bugurl=file:///usr/share/doc/gcc-5/README.Bugs --enable-languages=c,ada,c++,java,go,d,fortran,objc,obj-c++ --prefix=/usr --program-suffix=-5 --enable-shared --enable-linker-build-id --libexecdir=/usr/lib --without-included-gettext --enable-threads=posix --libdir=/usr/lib --enable-nls --with-sysroot=/ --enable-clocale=gnu --enable-libstdcxx-debug --enable-libstdcxx-time=yes --with-default-libstdcxx-abi=new --enable-gnu-unique-object --disable-vtable-verify --enable-libmpx --enable-plugin --with-system-zlib --disable-browser-plugin --enable-java-awt=gtk --enable-gtk-cairo --with-java-home=/usr/lib/jvm/java-1.5.0-gcj-5-amd64/jre --enable-java-home --with-jvm-root-dir=/usr/lib/jvm/java-1.5.0-gcj-5-amd64 --with-jvm-jar-dir=/usr/lib/jvm-exports/java-1.5.0-gcj-5-amd64 --with-arch-directory=amd64 --with-ecj-jar=/usr/share/java/eclipse-ecj.jar --enable-objc-gc --enable-multiarch --disable-werror --with-arch-32=i686 --with-abi=m64 --with-multilib-list=m32,m64,mx32 --enable-multilib --with-tune=generic --enable-checking=release --build=x86_64-linux-gnu --host=x86_64-linux-gnu --target=x86_64-linux-gnu
Thread model: posix
gcc version 5.2.1 20151028 (Ubuntu 5.2.1-23ubuntu1~15.10) 
configure:3482: $? = 0
configure:3471: gcc -V >&5
gcc: error: unrecognized command line option '-V'
gcc: fatal error: no input files
compilation terminated.
configure:3482: $? = 1
configure:3471: gcc -qversion >&5
gcc: error: unrecognized command line option '-qversion'
gcc: fatal error: no input files
compilation terminated.
configure:3482: $? = 1
configure:3502: checking whether the C compiler works
configure:3524: gcc    conftest.c  >&5
configure:3528: $? = 0
configure:3576: result: yes
configure:3579: checking for C compiler default output file name
configure:3581: result: a.out
configure:3587: checking for suffix of executables
configure:3594: gcc -o conftest    conftest.c  >&5
configure:3598: $? = 0
configure:3620: result: 
configure:3642: checking whether we are cross compiling
configure:3650: gcc -o conftest    conftest.c  >&5
configure:3654: $? = 0
configure:3661: ./conftest
configure:3665: $? = 0
configure:3680: result: no
configure:3685: checking for suffix of object files
configure:3707: gcc -c   conftest.c >&5
configure:3711: $? = 0
configure:3732: result: o
configure:3736: checking whether we are using the GNU C compiler
configure:3755: gcc -c   conftest.c >&5
configure:3755: $? = 0
configure:3764: result: yes
configure:3773: checking whether gcc accepts -g
configure:3793: gcc -c -g  conftest.c >&5
configure:3793: $? = 0
configure:3834: result: yes
configure:3851: checking for gcc option to accept ISO C89
configure:3914: gcc  -c -g -O2  conftest.c >&5
configure:3914: $? = 0
configure:3927: result: none needed
configure:3953: checking how to run the C preprocessor
configure:3984: gcc -E  conftest.c
configure:3984: $? = 0
configure:3998: gcc -E  conftest.c
conftest.c:14:28: fatal error: ac_nonexistent.h: No such file or directory
compilation terminated.
configure:3998: $? = 1
configure: failed program was:
| /* confdefs.h */
| #define PACKAGE_NAME "KLEE"
| #define PACKAGE_TARNAME "-klee-"
| #define PACKAGE_VERSION "0.01"
| #define PACKAGE_STRING "KLEE 0.01"
| #define PACKAGE_BUGREPORT "daniel@minormatter.com"
| #define PACKAGE_URL ""
| #define LLVM_VERSION_MAJOR 3
| #define LLVM_VERSION_MINOR 3
| #define LLVM_IS_RELEASE 1
| #define RUNTIME_CONFIGURATION "Release+Asserts"
| #define HAVE_CTYPE_EXTERNALS 1
| /* end confdefs.h.  */
| #include <ac_nonexistent.h>
configure:4023: result: gcc -E
configure:4043: gcc -E  conftest.c
configure:4043: $? = 0
configure:4057: gcc -E  conftest.c
conftest.c:14:28: fatal error: ac_nonexistent.h: No such file or directory
compilation terminated.
configure:4057: $? = 1
configure: failed program was:
| /* confdefs.h */
| #define PACKAGE_NAME "KLEE"
| #define PACKAGE_TARNAME "-klee-"
| #define PACKAGE_VERSION "0.01"
| #define PACKAGE_STRING "KLEE 0.01"
| #define PACKAGE_BUGREPORT "daniel@minormatter.com"
| #define PACKAGE_URL ""
| #define LLVM_VERSION_MAJOR 3
| #define LLVM_VERSION_MINOR 3
| #define LLVM_IS_RELEASE 1
| #define RUNTIME_CONFIGURATION "Release+Asserts"
| #define HAVE_CTYPE_EXTERNALS 1
| /* end confdefs.h.  */
| #include <ac_nonexistent.h>
configure:4086: checking for grep that handles long lines and -e
configure:4144: result: /bin/grep
configure:4149: checking for egrep
configure:4211: result: /bin/grep -E
configure:4216: checking for ANSI C header files
configure:4236: gcc -c -g -O2  conftest.c >&5
configure:4236: $? = 0
configure:4309: gcc -o conftest -g -O2   conftest.c  >&5
configure:4309: $? = 0
configure:4309: ./conftest
configure:4309: $? = 0
configure:4320: result: yes
configure:4333: checking for sys/types.h
configure:4333: gcc -c -g -O2  conftest.c >&5
configure:4333: $? = 0
configure:4333: result: yes
configure:4333: checking for sys/stat.h
configure:4333: gcc -c -g -O2  conftest.c >&5
configure:4333: $? = 0
configure:4333: result: yes
configure:4333: checking for stdlib.h
configure:4333: gcc -c -g -O2  conftest.c >&5
configure:4333: $? = 0
configure:4333: result: yes
configure:4333: checking for string.h
configure:4333: gcc -c -g -O2  conftest.c >&5
configure:4333: $? = 0
configure:4333: result: yes
configure:4333: checking for memory.h
configure:4333: gcc -c -g -O2  conftest.c >&5
configure:4333: $? = 0
configure:4333: result: yes
configure:4333: checking for strings.h
configure:4333: gcc -c -g -O2  conftest.c >&5
configure:4333: $? = 0
configure:4333: result: yes
configure:4333: checking for inttypes.h
configure:4333: gcc -c -g -O2  conftest.c >&5
configure:4333: $? = 0
configure:4333: result: yes
configure:4333: checking for stdint.h
configure:4333: gcc -c -g -O2  conftest.c >&5
configure:4333: $? = 0
configure:4333: result: yes
configure:4333: checking for unistd.h
configure:4333: gcc -c -g -O2  conftest.c >&5
configure:4333: $? = 0
configure:4333: result: yes
configure:4347: checking sys/acl.h usability
configure:4347: gcc -c -g -O2  conftest.c >&5
conftest.c:57:21: fatal error: sys/acl.h: No such file or directory
compilation terminated.
configure:4347: $? = 1
configure: failed program was:
| /* confdefs.h */
| #define PACKAGE_NAME "KLEE"
| #define PACKAGE_TARNAME "-klee-"
| #define PACKAGE_VERSION "0.01"
| #define PACKAGE_STRING "KLEE 0.01"
| #define PACKAGE_BUGREPORT "daniel@minormatter.com"
| #define PACKAGE_URL ""
| #define LLVM_VERSION_MAJOR 3
| #define LLVM_VERSION_MINOR 3
| #define LLVM_IS_RELEASE 1
| #define RUNTIME_CONFIGURATION "Release+Asserts"
| #define HAVE_CTYPE_EXTERNALS 1
| #define STDC_HEADERS 1
| #define HAVE_SYS_TYPES_H 1
| #define HAVE_SYS_STAT_H 1
| #define HAVE_STDLIB_H 1
| #define HAVE_STRING_H 1
| #define HAVE_MEMORY_H 1
| #define HAVE_STRINGS_H 1
| #define HAVE_INTTYPES_H 1
| #define HAVE_STDINT_H 1
| #define HAVE_UNISTD_H 1
| /* end confdefs.h.  */
| #include <stdio.h>
| #ifdef HAVE_SYS_TYPES_H
| # include <sys/types.h>
| #endif
| #ifdef HAVE_SYS_STAT_H
| # include <sys/stat.h>
| #endif
| #ifdef STDC_HEADERS
| # include <stdlib.h>
| # include <stddef.h>
| #else
| # ifdef HAVE_STDLIB_H
| #  include <stdlib.h>
| # endif
| #endif
| #ifdef HAVE_STRING_H
| # if !defined STDC_HEADERS && defined HAVE_MEMORY_H
| #  include <memory.h>
| # endif
| # include <string.h>
| #endif
| #ifdef HAVE_STRINGS_H
| # include <strings.h>
| #endif
| #ifdef HAVE_INTTYPES_H
| # include <inttypes.h>
| #endif
| #ifdef HAVE_STDINT_H
| # include <stdint.h>
| #endif
| #ifdef HAVE_UNISTD_H
| # include <unistd.h>
| #endif
| #include <sys/acl.h>
configure:4347: result: no
configure:4347: checking sys/acl.h presence
configure:4347: gcc -E  conftest.c
conftest.c:24:21: fatal error: sys/acl.h: No such file or directory
compilation terminated.
configure:4347: $? = 1
configure: failed program was:
| /* confdefs.h */
| #define PACKAGE_NAME "KLEE"
| #define PACKAGE_TARNAME "-klee-"
| #define PACKAGE_VERSION "0.01"
| #define PACKAGE_STRING "KLEE 0.01"
| #define PACKAGE_BUGREPORT "daniel@minormatter.com"
| #define PACKAGE_URL ""
| #define LLVM_VERSION_MAJOR 3
| #define LLVM_VERSION_MINOR 3
| #define LLVM_IS_RELEASE 1
| #define RUNTIME_CONFIGURATION "Release+Asserts"
| #define HAVE_CTYPE_EXTERNALS 1
| #define STDC_HEADERS 1
| #define HAVE_SYS_TYPES_H 1
| #define HAVE_SYS_STAT_H 1
| #define HAVE_STDLIB_H 1
| #define HAVE_STRING_H 1
| #define HAVE_MEMORY_H 1
| #define HAVE_STRINGS_H 1
| #define HAVE_INTTYPES_H 1
| #define HAVE_STDINT_H 1
| #define HAVE_UNISTD_H 1
| /* end confdefs.h.  */
| #include <sys/acl.h>
configure:4347: result: no
configure:4347: checking for sys/acl.h
configure:4347: result: no
configure:4358: checking for cap_get_proc in -lcap
configure:4383: gcc -o conftest -g -O2   conftest.c -lcap   >&5
configure:4383: $? = 0
configure:4392: result: yes
configure:4403: checking sys/capability.h usability
configure:4403: gcc -c -g -O2  conftest.c >&5
configure:4403: $? = 0
configure:4403: result: yes
configure:4403: checking sys/capability.h presence
configure:4403: gcc -E  conftest.c
configure:4403: $? = 0
configure:4403: result: yes
configure:4403: checking for sys/capability.h
configure:4403: result: yes
configure:4486: checking for g++
configure:4502: found /usr/bin/g++
configure:4513: result: g++
configure:4540: checking for C++ compiler version
configure:4549: g++ --version >&5
g++ (Ubuntu 5.2.1-23ubuntu1~15.10) 5.2.1 20151028
Copyright (C) 2015 Free Software Foundation, Inc.
This is free software; see the source for copying conditions.  There is NO
warranty; not even for MERCHANTABILITY or FITNESS FOR A PARTICULAR PURPOSE.

configure:4560: $? = 0
configure:4549: g++ -v >&5
Using built-in specs.
COLLECT_GCC=g++
COLLECT_LTO_WRAPPER=/usr/lib/gcc/x86_64-linux-gnu/5/lto-wrapper
Target: x86_64-linux-gnu
Configured with: ../src/configure -v --with-pkgversion='Ubuntu 5.2.1-23ubuntu1~15.10' --with-bugurl=file:///usr/share/doc/gcc-5/README.Bugs --enable-languages=c,ada,c++,java,go,d,fortran,objc,obj-c++ --prefix=/usr --program-suffix=-5 --enable-shared --enable-linker-build-id --libexecdir=/usr/lib --without-included-gettext --enable-threads=posix --libdir=/usr/lib --enable-nls --with-sysroot=/ --enable-clocale=gnu --enable-libstdcxx-debug --enable-libstdcxx-time=yes --with-default-libstdcxx-abi=new --enable-gnu-unique-object --disable-vtable-verify --enable-libmpx --enable-plugin --with-system-zlib --disable-browser-plugin --enable-java-awt=gtk --enable-gtk-cairo --with-java-home=/usr/lib/jvm/java-1.5.0-gcj-5-amd64/jre --enable-java-home --with-jvm-root-dir=/usr/lib/jvm/java-1.5.0-gcj-5-amd64 --with-jvm-jar-dir=/usr/lib/jvm-exports/java-1.5.0-gcj-5-amd64 --with-arch-directory=amd64 --with-ecj-jar=/usr/share/java/eclipse-ecj.jar --enable-objc-gc --enable-multiarch --disable-werror --with-arch-32=i686 --with-abi=m64 --with-multilib-list=m32,m64,mx32 --enable-multilib --with-tune=generic --enable-checking=release --build=x86_64-linux-gnu --host=x86_64-linux-gnu --target=x86_64-linux-gnu
Thread model: posix
gcc version 5.2.1 20151028 (Ubuntu 5.2.1-23ubuntu1~15.10) 
configure:4560: $? = 0
configure:4549: g++ -V >&5
g++: error: unrecognized command line option '-V'
g++: fatal error: no input files
compilation terminated.
configure:4560: $? = 1
configure:4549: g++ -qversion >&5
g++: error: unrecognized command line option '-qversion'
g++: fatal error: no input files
compilation terminated.
configure:4560: $? = 1
configure:4564: checking whether we are using the GNU C++ compiler
configure:4583: g++ -c   conftest.cpp >&5
configure:4583: $? = 0
configure:4592: result: yes
configure:4601: checking whether g++ accepts -g
configure:4621: g++ -c -g  conftest.cpp >&5
configure:4621: $? = 0
configure:4662: result: yes
configure:4691: checking how to run the C++ preprocessor
configure:4718: g++ -E  conftest.cpp
configure:4718: $? = 0
configure:4732: g++ -E  conftest.cpp
conftest.cpp:25:28: fatal error: ac_nonexistent.h: No such file or directory
compilation terminated.
configure:4732: $? = 1
configure: failed program was:
| /* confdefs.h */
| #define PACKAGE_NAME "KLEE"
| #define PACKAGE_TARNAME "-klee-"
| #define PACKAGE_VERSION "0.01"
| #define PACKAGE_STRING "KLEE 0.01"
| #define PACKAGE_BUGREPORT "daniel@minormatter.com"
| #define PACKAGE_URL ""
| #define LLVM_VERSION_MAJOR 3
| #define LLVM_VERSION_MINOR 3
| #define LLVM_IS_RELEASE 1
| #define RUNTIME_CONFIGURATION "Release+Asserts"
| #define HAVE_CTYPE_EXTERNALS 1
| #define STDC_HEADERS 1
| #define HAVE_SYS_TYPES_H 1
| #define HAVE_SYS_STAT_H 1
| #define HAVE_STDLIB_H 1
| #define HAVE_STRING_H 1
| #define HAVE_MEMORY_H 1
| #define HAVE_STRINGS_H 1
| #define HAVE_INTTYPES_H 1
| #define HAVE_STDINT_H 1
| #define HAVE_UNISTD_H 1
| #define HAVE_SYS_CAPABILITY_H 1
| /* end confdefs.h.  */
| #include <ac_nonexistent.h>
configure:4757: result: g++ -E
configure:4777: g++ -E  conftest.cpp
configure:4777: $? = 0
configure:4791: g++ -E  conftest.cpp
conftest.cpp:25:28: fatal error: ac_nonexistent.h: No such file or directory
compilation terminated.
configure:4791: $? = 1
configure: failed program was:
| /* confdefs.h */
| #define PACKAGE_NAME "KLEE"
| #define PACKAGE_TARNAME "-klee-"
| #define PACKAGE_VERSION "0.01"
| #define PACKAGE_STRING "KLEE 0.01"
| #define PACKAGE_BUGREPORT "daniel@minormatter.com"
| #define PACKAGE_URL ""
| #define LLVM_VERSION_MAJOR 3
| #define LLVM_VERSION_MINOR 3
| #define LLVM_IS_RELEASE 1
| #define RUNTIME_CONFIGURATION "Release+Asserts"
| #define HAVE_CTYPE_EXTERNALS 1
| #define STDC_HEADERS 1
| #define HAVE_SYS_TYPES_H 1
| #define HAVE_SYS_STAT_H 1
| #define HAVE_STDLIB_H 1
| #define HAVE_STRING_H 1
| #define HAVE_MEMORY_H 1
| #define HAVE_STRINGS_H 1
| #define HAVE_INTTYPES_H 1
| #define HAVE_STDINT_H 1
| #define HAVE_UNISTD_H 1
| #define HAVE_SYS_CAPABILITY_H 1
| /* end confdefs.h.  */
| #include <ac_nonexistent.h>
configure:4822: checking selinux/selinux.h usability
configure:4822: g++ -c -g -O2  conftest.cpp >&5
conftest.cpp:58:29: fatal error: selinux/selinux.h: No such file or directory
compilation terminated.
configure:4822: $? = 1
configure: failed program was:
| /* confdefs.h */
| #define PACKAGE_NAME "KLEE"
| #define PACKAGE_TARNAME "-klee-"
| #define PACKAGE_VERSION "0.01"
| #define PACKAGE_STRING "KLEE 0.01"
| #define PACKAGE_BUGREPORT "daniel@minormatter.com"
| #define PACKAGE_URL ""
| #define LLVM_VERSION_MAJOR 3
| #define LLVM_VERSION_MINOR 3
| #define LLVM_IS_RELEASE 1
| #define RUNTIME_CONFIGURATION "Release+Asserts"
| #define HAVE_CTYPE_EXTERNALS 1
| #define STDC_HEADERS 1
| #define HAVE_SYS_TYPES_H 1
| #define HAVE_SYS_STAT_H 1
| #define HAVE_STDLIB_H 1
| #define HAVE_STRING_H 1
| #define HAVE_MEMORY_H 1
| #define HAVE_STRINGS_H 1
| #define HAVE_INTTYPES_H 1
| #define HAVE_STDINT_H 1
| #define HAVE_UNISTD_H 1
| #define HAVE_SYS_CAPABILITY_H 1
| /* end confdefs.h.  */
| #include <stdio.h>
| #ifdef HAVE_SYS_TYPES_H
| # include <sys/types.h>
| #endif
| #ifdef HAVE_SYS_STAT_H
| # include <sys/stat.h>
| #endif
| #ifdef STDC_HEADERS
| # include <stdlib.h>
| # include <stddef.h>
| #else
| # ifdef HAVE_STDLIB_H
| #  include <stdlib.h>
| # endif
| #endif
| #ifdef HAVE_STRING_H
| # if !defined STDC_HEADERS && defined HAVE_MEMORY_H
| #  include <memory.h>
| # endif
| # include <string.h>
| #endif
| #ifdef HAVE_STRINGS_H
| # include <strings.h>
| #endif
| #ifdef HAVE_INTTYPES_H
| # include <inttypes.h>
| #endif
| #ifdef HAVE_STDINT_H
| # include <stdint.h>
| #endif
| #ifdef HAVE_UNISTD_H
| # include <unistd.h>
| #endif
| #include <selinux/selinux.h>
configure:4822: result: no
configure:4822: checking selinux/selinux.h presence
configure:4822: g++ -E  conftest.cpp
conftest.cpp:25:29: fatal error: selinux/selinux.h: No such file or directory
compilation terminated.
configure:4822: $? = 1
configure: failed program was:
| /* confdefs.h */
| #define PACKAGE_NAME "KLEE"
| #define PACKAGE_TARNAME "-klee-"
| #define PACKAGE_VERSION "0.01"
| #define PACKAGE_STRING "KLEE 0.01"
| #define PACKAGE_BUGREPORT "daniel@minormatter.com"
| #define PACKAGE_URL ""
| #define LLVM_VERSION_MAJOR 3
| #define LLVM_VERSION_MINOR 3
| #define LLVM_IS_RELEASE 1
| #define RUNTIME_CONFIGURATION "Release+Asserts"
| #define HAVE_CTYPE_EXTERNALS 1
| #define STDC_HEADERS 1
| #define HAVE_SYS_TYPES_H 1
| #define HAVE_SYS_STAT_H 1
| #define HAVE_STDLIB_H 1
| #define HAVE_STRING_H 1
| #define HAVE_MEMORY_H 1
| #define HAVE_STRINGS_H 1
| #define HAVE_INTTYPES_H 1
| #define HAVE_STDINT_H 1
| #define HAVE_UNISTD_H 1
| #define HAVE_SYS_CAPABILITY_H 1
| /* end confdefs.h.  */
| #include <selinux/selinux.h>
configure:4822: result: no
configure:4822: checking for selinux/selinux.h
configure:4822: result: no
configure:4837: checking for library containing mallinfo
configure:4868: g++ -o conftest -g -O2   conftest.cpp  >&5
configure:4868: $? = 0
configure:4885: result: none required
configure:4923: checking stp/c_interface.h usability
configure:4923: g++ -c -g -O2  -I/home/zhy/work/stp/build/include conftest.cpp >&5
configure:4923: $? = 0
configure:4923: result: yes
configure:4923: checking stp/c_interface.h presence
configure:4923: g++ -E  -I/home/zhy/work/stp/build/include conftest.cpp
configure:4923: $? = 0
configure:4923: result: yes
configure:4923: checking for stp/c_interface.h
configure:4923: result: yes
configure:4938: checking for vc_setInterfaceFlags in -lstp
configure:4963: g++ -o conftest -g -O2   conftest.cpp -lstp -L/home/zhy/work/stp/build/lib  >&5
configure:4963: $? = 0
configure:4972: result: yes
configure:5049: result: Using old STP
configure:5266: creating ./config.status

## ---------------------- ##
## Running config.status. ##
## ---------------------- ##

This file was extended by KLEE config.status 0.01, which was
generated by GNU Autoconf 2.69.  Invocation command line was

  CONFIG_FILES    = 
  CONFIG_HEADERS  = 
  CONFIG_LINKS    = 
  CONFIG_COMMANDS = 
  $ ./config.status 

on zhy-System-Product-Name

config.status:867: creating Makefile.config
config.status:867: creating docs/doxygen.cfg
config.status:867: creating include/klee/Config/config.h
config.status:1037: include/klee/Config/config.h is unchanged
config.status:1051: executing setup commands
config.status:1051: executing Makefile commands
config.status:1051: executing Makefile.common commands
config.status:1051: executing lib/Makefile commands
config.status:1051: executing runtime/Makefile commands
config.status:1051: executing test/Makefile commands
config.status:1051: executing test/Makefile.tests commands
config.status:1051: executing tools/Makefile commands
config.status:1051: executing unittests/Makefile commands

## ---------------- ##
## Cache variables. ##
## ---------------- ##

ac_cv_build=x86_64-unknown-linux-gnu
ac_cv_c_compiler_gnu=yes
ac_cv_cxx_compiler_gnu=yes
ac_cv_env_CCC_set=
ac_cv_env_CCC_value=
ac_cv_env_CC_set=
ac_cv_env_CC_value=
ac_cv_env_CFLAGS_set=
ac_cv_env_CFLAGS_value=
ac_cv_env_CPPFLAGS_set=
ac_cv_env_CPPFLAGS_value=
ac_cv_env_CPP_set=
ac_cv_env_CPP_value=
ac_cv_env_CXXCPP_set=
ac_cv_env_CXXCPP_value=
ac_cv_env_CXXFLAGS_set=
ac_cv_env_CXXFLAGS_value=
ac_cv_env_CXX_set=
ac_cv_env_CXX_value=
ac_cv_env_LDFLAGS_set=
ac_cv_env_LDFLAGS_value=
ac_cv_env_LIBS_set=
ac_cv_env_LIBS_value=
ac_cv_env_build_alias_set=
ac_cv_env_build_alias_value=
ac_cv_env_host_alias_set=
ac_cv_env_host_alias_value=
ac_cv_env_target_alias_set=
ac_cv_env_target_alias_value=
ac_cv_header_inttypes_h=yes
ac_cv_header_memory_h=yes
ac_cv_header_selinux_selinux_h=no
ac_cv_header_stdc=yes
ac_cv_header_stdint_h=yes
ac_cv_header_stdlib_h=yes
ac_cv_header_stp_c_interface_h=yes
ac_cv_header_string_h=yes
ac_cv_header_strings_h=yes
ac_cv_header_sys_acl_h=no
ac_cv_header_sys_capability_h=yes
ac_cv_header_sys_stat_h=yes
ac_cv_header_sys_types_h=yes
ac_cv_header_unistd_h=yes
ac_cv_host=x86_64-unknown-linux-gnu
ac_cv_lib_cap_cap_get_proc=yes
ac_cv_lib_stp_vc_setInterfaceFlags=yes
ac_cv_objext=o
ac_cv_path_EGREP='/bin/grep -E'
ac_cv_path_GREP=/bin/grep
ac_cv_prog_CPP='gcc -E'
ac_cv_prog_CXXCPP='g++ -E'
ac_cv_prog_ac_ct_CC=gcc
ac_cv_prog_ac_ct_CXX=g++
ac_cv_prog_cc_c89=
ac_cv_prog_cc_g=yes
ac_cv_prog_cxx_g=yes
ac_cv_search_mallinfo='none required'
ac_cv_target=x86_64-unknown-linux-gnu

## ----------------- ##
## Output variables. ##
## ----------------- ##

CC='gcc'
CFLAGS='-g -O2'
CPP='gcc -E'
CPPFLAGS=''
CXX='g++'
CXXCPP='g++ -E'
CXXFLAGS='-g -O2'
DEFS='-DHAVE_CONFIG_H'
ECHO_C=''
ECHO_N='-n'
ECHO_T=''
EGREP='/bin/grep -E'
ENABLE_METASMT='0'
ENABLE_POSIX_RUNTIME='0'
ENABLE_UCLIBC='0'
EXEEXT=''
GREP='/bin/grep'
HAVE_SELINUX='0'
KLEE_BITCODE_CXX_COMPILER='/home/zhy/work/llvm-3.3.src/Release+Asserts/bin/clang++'
KLEE_BITCODE_C_COMPILER='/home/zhy/work/llvm-3.3.src/Release+Asserts/bin/clang'
KLEE_UCLIBC_BCA=''
LDFLAGS=''
LIBOBJS=''
LIBS='-lstp '
LLVM_BUILD_MODE='Release+Asserts'
LLVM_IS_RELEASE='1'
LLVM_OBJ='/home/zhy/work/llvm-3.3.src'
LLVM_SRC='/home/zhy/work/llvm-3.3.src'
LLVM_VERSION_MAJOR='3'
LLVM_VERSION_MINOR='3'
LTLIBOBJS=''
METASMT_ROOT=''
OBJEXT='o'
PACKAGE_BUGREPORT='daniel@minormatter.com'
PACKAGE_NAME='KLEE'
PACKAGE_STRING='KLEE 0.01'
PACKAGE_TARNAME='-klee-'
PACKAGE_URL=''
PACKAGE_VERSION='0.01'
PATH_SEPARATOR=':'
REQUIRES_RTTI='0'
RUNTIME_CONFIGURATION=''
RUNTIME_DEBUG_SYMBOLS=''
RUNTIME_DISABLE_ASSERTIONS='0'
RUNTIME_ENABLE_OPTIMIZED='1'
SHELL='/bin/bash'
STP_NEEDS_BOOST='0'
STP_ROOT='/home/zhy/work/stp/build'
UPSTREAM_STP_LINK_FLAGS='-lboost_system -lboost_program_options'
ac_ct_CC='gcc'
ac_ct_CXX='g++'
bindir='${exec_prefix}/bin'
build='x86_64-unknown-linux-gnu'
build_alias=''
build_cpu='x86_64'
build_os='linux-gnu'
build_vendor='unknown'
clang=''
clang_cxx=''
datadir='${datarootdir}'
datarootdir='${prefix}/share'
docdir='${datarootdir}/doc/${PACKAGE_TARNAME}'
dvidir='${docdir}'
exec_prefix='${prefix}'
host='x86_64-unknown-linux-gnu'
host_alias=''
host_cpu='x86_64'
host_os='linux-gnu'
host_vendor='unknown'
htmldir='${docdir}'
includedir='${prefix}/include'
infodir='${datarootdir}/info'
libdir='${exec_prefix}/lib'
libexecdir='${exec_prefix}/libexec'
llvm_gcc=''
llvm_gxx=''
localedir='${datarootdir}/locale'
localstatedir='${prefix}/var'
mandir='${datarootdir}/man'
oldincludedir='/usr/include'
pdfdir='${docdir}'
prefix='/usr/local'
program_transform_name='s,x,x,'
psdir='${docdir}'
sbindir='${exec_prefix}/sbin'
sharedstatedir='${prefix}/com'
sysconfdir='${prefix}/etc'
target='x86_64-unknown-linux-gnu'
target_alias=''
target_cpu='x86_64'
target_os='linux-gnu'
target_vendor='unknown'

## ----------- ##
## confdefs.h. ##
## ----------- ##

/* confdefs.h */
#define PACKAGE_NAME "KLEE"
#define PACKAGE_TARNAME "-klee-"
#define PACKAGE_VERSION "0.01"
#define PACKAGE_STRING "KLEE 0.01"
#define PACKAGE_BUGREPORT "daniel@minormatter.com"
#define PACKAGE_URL ""
#define LLVM_VERSION_MAJOR 3
#define LLVM_VERSION_MINOR 3
#define LLVM_IS_RELEASE 1
#define RUNTIME_CONFIGURATION "Release+Asserts"
#define HAVE_CTYPE_EXTERNALS 1
#define STDC_HEADERS 1
#define HAVE_SYS_TYPES_H 1
#define HAVE_SYS_STAT_H 1
#define HAVE_STDLIB_H 1
#define HAVE_STRING_H 1
#define HAVE_MEMORY_H 1
#define HAVE_STRINGS_H 1
#define HAVE_INTTYPES_H 1
#define HAVE_STDINT_H 1
#define HAVE_UNISTD_H 1
#define HAVE_SYS_CAPABILITY_H 1
#define HAVE_MALLINFO 1
#define HAVE_LIBSTP 1

configure: exit 0
